The HCMV genome (EF999921) has 168 CDS.
target_id	test_stat	pval	qval

ABV71604.1	14.8058039106433	0.000119168178739712	0.0117098385287904

ABV71622.1	14.4989513519597	0.000140237587171143	0.0117098385287904

ABV71560.1	13.0094755274437	0.000309918731807606	0.0154306130016859

ABV71652.1	12.679959775961	0.000369595520998465	0.0154306130016859

ABV71626.1	11.8132555984963	0.000588105068396519	0.0172288425838077

ABV71651.1	11.4693279132625	0.000707542637529094	0.0172288425838077

ABV71646.1	11.4313111827621	0.000722167054411103	0.0172288425838077

ABV71649.1	11.1497508693171	0.000840429591271966	0.0175439677178023

ABV71561.1	10.4405863070053	0.00123276132238892	0.0228745712043277

ABV71595.1	10.0085965774423	0.00155811209951893	0.0260204720619661

ABV71519.1	8.64357806049431	0.00328216199208183	0.0440891556815769

ABV71596.1	8.57115151008326	0.00341531085204186	0.0440891556815769

ABV71506.1	8.40172371372892	0.00374865387507499	0.0440891556815769

ABV71607.1	8.3514758978789	0.00385374171665732	0.0440891556815769

ABV71635.1	8.30201859099112	0.00396010380373445	0.0440891556815769

ABV71507.1	7.96945401744997	0.00475732858433396	0.0496546170989857
Donor 1 (2dpi) had 2259287.0 read pairs before Bowtie2 filtering and 1744101.0 read pairs after 
Donor 1 (6dpi) had 2004530.0 read pairs before Bowtie2 filtering and 1488833.0 read pairs after 
Donor 3 (2dpi) had 2730258.0 read pairs before Bowtie2 filtering and 2382996.0 read pairs after 
Donor 3 (6dpi) had 2476889.0 read pairs before Bowtie2 filtering and 1500834.0 read pairs after 
spades -k 55,77,99,127 --only-assembler -t 2 --pe1-1 EF999921_SRR5660030.1.fastq --pe1-2 EF999921_SRR5660030.2.fastq --pe2-1 EF999921_SRR5660033.1.fastq --pe2-2 EF999921_SRR5660033.2.fastq --pe3-1 EF999921_SRR5660044.1.fastq --pe3-2 EF999921_SRR5660044.2.fastq --pe4-1 EF999921_SRR5660045.1.fastq --pe4-2 EF999921_SRR5660045.2.fastq -o Spades/
spades -k 55,77,99,127 --only-assembler -t 2 --pe1-1 EF999921_SRR5660030.1.fastq --pe1-2 EF999921_SRR5660030.2.fastq --pe2-1 EF999921_SRR5660033.1.fastq --pe2-2 EF999921_SRR5660033.2.fastq --pe3-1 EF999921_SRR5660044.1.fastq --pe3-2 EF999921_SRR5660044.2.fastq --pe4-1 EF999921_SRR5660045.1.fastq --pe4-2 EF999921_SRR5660045.2.fastq -o Spades/
There are 54 contigs > 1000 bp in the assembly.
There are 195620 bp in the assembly.
sacc    pident  length  qstart  qend    sstart  send    bitscore        eval    stitle
NC_006273.2     99.434  15900   1       15888   138721  122822  28853   0.0     NC_006273.2 Human herpesvirus 5 strain Merlin, complete genome

NC_003521.1     83.327  2831    8751    11576   130007  127219  2569    0.0     NC_003521.1 Panine herpesvirus 2 strain Heberling, complete genome

NC_003521.1     82.562  1858    3813    5644    135403  133566  1594    0.0     NC_003521.1 Panine herpesvirus 2 strain Heberling, complete genome

NC_003521.1     84.719  1564    11676   13235   127071  125512  1557    0.0     NC_003521.1 Panine herpesvirus 2 strain Heberling, complete genome

NC_003521.1     84.833  1167    6385    7542    132561  131401  1160    0.0     NC_003521.1 Panine herpesvirus 2 strain Heberling, complete genome

NC_003521.1     85.942  1003    13386   14383   125347  124356  1057    0.0     NC_003521.1 Panine herpesvirus 2 strain Heberling, complete genome

NC_003521.1     87.042  710     2571    3275    136787  136080  795     0.0     NC_003521.1 Panine herpesvirus 2 strain Heberling, complete genome

NC_003521.1     81.085  682     8043    8718    130753  130078  534     1.91e-151       NC_003521.1 Panine herpesvirus 2 strain Heberling, complete genome

NC_020231.1     73.985  788     6514    7296    143171  142389  311     3.51e-84        NC_020231.1 Caviid herpesvirus 2 strain 21222, complete genome

NC_002512.2     89.796  49      10448   10496   114217  114170  62.1    3.91e-09        NC_002512.2 Rat cytomegalovirus Maastricht, complete genome
